<?xml version="1.0" encoding="UTF-8"?>
<testng-results skipped="0" failed="0" ignored="0" total="1" passed="1">
  <reporter-output>
  </reporter-output>
  <suite name="Suite" duration-ms="274406" started-at="2021-04-03T15:23:39 IST" finished-at="2021-04-03T15:28:13 IST">
    <groups>
    </groups>
    <test name="Test" duration-ms="274406" started-at="2021-04-03T15:23:39 IST" finished-at="2021-04-03T15:28:13 IST">
      <class name="testScripts.Home.TC_Automobile_Validation">
        <test-method status="PASS" signature="oneTimeSetUp()[pri:0, instance:testScripts.Home.TC_Automobile_Validation@cd2dae5]" name="oneTimeSetUp" is-config="true" duration-ms="577" started-at="2021-04-03T15:23:38 IST" finished-at="2021-04-03T15:23:39 IST">
          <reporter-output>
          </reporter-output>
        </test-method> <!-- oneTimeSetUp -->
        <test-method status="PASS" signature="setUp(java.lang.String)[pri:0, instance:testScripts.Home.TC_Automobile_Validation@cd2dae5]" name="setUp" is-config="true" duration-ms="21010" started-at="2021-04-03T15:23:39 IST" finished-at="2021-04-03T15:24:00 IST">
          <params>
            <param index="0">
              <value>
                <![CDATA[Chrome]]>
              </value>
            </param>
          </params>
          <reporter-output>
          </reporter-output>
        </test-method> <!-- setUp -->
        <test-method status="PASS" signature="navigate()[pri:0, instance:testScripts.Home.TC_Automobile_Validation@cd2dae5]" name="navigate" is-config="true" duration-ms="8546" started-at="2021-04-03T15:24:00 IST" finished-at="2021-04-03T15:24:08 IST">
          <reporter-output>
          </reporter-output>
        </test-method> <!-- navigate -->
        <test-method status="PASS" signature="testTruckPage()[pri:0, instance:testScripts.Home.TC_Automobile_Validation@cd2dae5]" name="testTruckPage" duration-ms="244797" started-at="2021-04-03T15:24:08 IST" finished-at="2021-04-03T15:28:13 IST">
          <reporter-output>
          </reporter-output>
        </test-method> <!-- testTruckPage -->
        <test-method status="PASS" signature="afterMethod(org.testng.ITestResult)[pri:0, instance:testScripts.Home.TC_Automobile_Validation@cd2dae5]" name="afterMethod" is-config="true" duration-ms="3" started-at="2021-04-03T15:28:13 IST" finished-at="2021-04-03T15:28:13 IST">
          <params>
            <param index="0">
              <value>
                <![CDATA[[TestResult name=testTruckPage status=SUCCESS method=TC_Automobile_Validation.testTruckPage()[pri:0, instance:testScripts.Home.TC_Automobile_Validation@cd2dae5] output={null}]]]>
              </value>
            </param>
          </params>
          <reporter-output>
          </reporter-output>
        </test-method> <!-- afterMethod -->
        <test-method status="PASS" signature="oneTimeTearDown()[pri:0, instance:testScripts.Home.TC_Automobile_Validation@cd2dae5]" name="oneTimeTearDown" is-config="true" duration-ms="0" started-at="2021-04-03T15:28:13 IST" finished-at="2021-04-03T15:28:13 IST">
          <reporter-output>
          </reporter-output>
        </test-method> <!-- oneTimeTearDown -->
      </class> <!-- testScripts.Home.TC_Automobile_Validation -->
    </test> <!-- Test -->
  </suite> <!-- Suite -->
</testng-results>
