<?xml version="1.0" encoding="UTF-8"?>
<!-- Generated by org.testng.reporters.JUnitXMLReporter -->
<testsuite hostname="LAPTOP-Q3VD0TQR" ignored="8" name="Test - Home" tests="8" failures="0" timestamp="2021-04-08T23:01:19 IST" time="739.997" errors="0">
  <testcase name="testAutombileLink" time="1.67" classname="testScripts.Home.TC_HomePage_Validation"/>
  <testcase name="testCamperLink" time="0.886" classname="testScripts.Home.TC_HomePage_Validation"/>
  <testcase name="testMotorCycleLink" time="0.936" classname="testScripts.Home.TC_HomePage_Validation"/>
  <testcase name="testTruckLink" time="0.809" classname="testScripts.Home.TC_HomePage_Validation"/>
  <testcase name="testAutomobilePage" time="164.707" classname="testScripts.Automobile.TC_Automobile_Validation"/>
  <testcase name="testCamperPage" time="164.01" classname="testScripts.Camper.TC_Camper_Validation"/>
  <testcase name="testMotorCyclePage" time="163.003" classname="testScripts.Motorcycle.TC_MotorCycle_Validation"/>
  <testcase name="testTruckPage" time="163.802" classname="testScripts.Truck.TC_Truck_Validation"/>
  <testcase name="@BeforeSuite oneTimeSetUp" time="0.0" classname="driver.Driver">
    <ignored/>
  </testcase> <!-- @BeforeSuite oneTimeSetUp -->
  <testcase name="@BeforeSuite oneTimeSetUp" time="0.0" classname="driver.Driver">
    <ignored/>
  </testcase> <!-- @BeforeSuite oneTimeSetUp -->
  <testcase name="@BeforeSuite oneTimeSetUp" time="0.0" classname="driver.Driver">
    <ignored/>
  </testcase> <!-- @BeforeSuite oneTimeSetUp -->
  <testcase name="@BeforeSuite oneTimeSetUp" time="0.0" classname="driver.Driver">
    <ignored/>
  </testcase> <!-- @BeforeSuite oneTimeSetUp -->
  <testcase name="@AfterSuite oneTimeTearDown" time="0.0" classname="driver.Driver">
    <ignored/>
  </testcase> <!-- @AfterSuite oneTimeTearDown -->
  <testcase name="@AfterSuite oneTimeTearDown" time="0.0" classname="driver.Driver">
    <ignored/>
  </testcase> <!-- @AfterSuite oneTimeTearDown -->
  <testcase name="@AfterSuite oneTimeTearDown" time="0.0" classname="driver.Driver">
    <ignored/>
  </testcase> <!-- @AfterSuite oneTimeTearDown -->
  <testcase name="@AfterSuite oneTimeTearDown" time="0.0" classname="driver.Driver">
    <ignored/>
  </testcase> <!-- @AfterSuite oneTimeTearDown -->
</testsuite> <!-- Test - Home -->
