<?xml version="1.0" encoding="UTF-8"?>
<!-- Generated by org.testng.reporters.JUnitXMLReporter -->
<testsuite hostname="DESKTOP-447TPO6" ignored="0" name="Test - Home" tests="1" failures="0" timestamp="2021-04-05T23:40:13 IST" time="0.081" errors="0">
  <testcase name="@BeforeSuite oneTimeSetUp" time="0.35" classname="driver.Driver">
    <failure type="org.apache.poi.poifs.filesystem.OfficeXmlFileException" message="The supplied data appears to be in the Office 2007+ XML. You are calling the part of POI that deals with OLE2 Office Documents. You need to call a different part of POI to process this data (eg XSSF instead of HSSF)">
      <![CDATA[org.apache.poi.poifs.filesystem.OfficeXmlFileException: The supplied data appears to be in the Office 2007+ XML. You are calling the part of POI that deals with OLE2 Office Documents. You need to call a different part of POI to process this data (eg XSSF instead of HSSF)
at org.apache.poi.poifs.storage.HeaderBlock.<init>(HeaderBlock.java:126)
at org.apache.poi.poifs.storage.HeaderBlock.<init>(HeaderBlock.java:113)
at org.apache.poi.poifs.filesystem.NPOIFSFileSystem.<init>(NPOIFSFileSystem.java:301)
at org.apache.poi.hssf.usermodel.HSSFWorkbook.<init>(HSSFWorkbook.java:413)
at org.apache.poi.hssf.usermodel.HSSFWorkbook.<init>(HSSFWorkbook.java:394)
at functionLibrary.ExcelFunctionLibrary.<init>(ExcelFunctionLibrary.java:23)
at driver.Driver.oneTimeSetUp(Driver.java:21)
... Removed 19 stack frames]]>
    </failure>
  </testcase> <!-- @BeforeSuite oneTimeSetUp -->
  <testcase name="@BeforeClass setUp" time="-1.617646213626E9" classname="testScripts.Automobile.TC_Automobile_Validation">
    <skipped/>
  </testcase> <!-- @BeforeClass setUp -->
  <testcase name="@BeforeMethod navigate" time="-1.617646213653E9" classname="testScripts.Automobile.TC_Automobile_Validation">
    <skipped/>
  </testcase> <!-- @BeforeMethod navigate -->
  <testcase name="@AfterMethod afterMethod" time="-1.617646213669E9" classname="testScripts.Automobile.TC_Automobile_Validation">
    <skipped/>
  </testcase> <!-- @AfterMethod afterMethod -->
  <testcase name="testTruckPage" time="0.0" classname="testScripts.Automobile.TC_Automobile_Validation">
    <skipped/>
  </testcase> <!-- testTruckPage -->
</testsuite> <!-- Test - Home -->
